This is pdfTeX, Version 3.141592653-2.6-1.40.26 (TeX Live 2024) (preloaded format=pdflatex 2025.1.12)  20 JAN 2025 13:25
entering extended mode
 restricted \write18 enabled.
 file:line:error style messages enabled.
 %&-line parsing enabled.
**/Users/gmernst/Documents/ETH/HS24/Fertigungstechnik/ZF/Fertigungstechnik_Bambach_2024/main.tex
(/Users/gmernst/Documents/ETH/HS24/Fertigungstechnik/ZF/Fertigungstechnik_Bambach_2024/main.tex
LaTeX2e <2023-11-01> patch level 1
L3 programming layer <2024-02-20>
(./cheatsheet.cls
Document Class: cheatsheet 2023/10/20 LaTeX class for cheatsheets by Micha Bosshart
(/usr/local/texlive/2024/texmf-dist/tex/latex/extsizes/extarticle.cls
Document Class: extarticle 1996/10/08 v1.0 Non Standard LaTeX document class
(/usr/local/texlive/2024/texmf-dist/tex/latex/extsizes/size8.clo
File: size8.clo 1999/11/11 v1.4a NON-Standard LaTeX file (size option)
) (/usr/local/texlive/2024/texmf-dist/tex/latex/base/exscale.sty
Package: exscale 2018/09/24 v2.1i Standard LaTeX package exscale
LaTeX Font Info:    Redeclaring symbol font `largesymbols' on input line 57.
LaTeX Font Info:    Overwriting symbol font `largesymbols' in version `normal'
(Font)                  OMX/cmex/m/n --> OMX/cmex/m/n on input line 57.
LaTeX Font Info:    Overwriting symbol font `largesymbols' in version `bold'
(Font)                  OMX/cmex/m/n --> OMX/cmex/m/n on input line 57.
\big@size=\dimen140
)
\c@part=\count188
\c@section=\count189
\c@subsection=\count190
\c@subsubsection=\count191
\c@paragraph=\count192
\c@subparagraph=\count193
\c@figure=\count194
\c@table=\count195
\abovecaptionskip=\skip48
\belowcaptionskip=\skip49
\bibindent=\dimen141
) (/usr/local/texlive/2024/texmf-dist/tex/latex/tools/multicol.sty
Package: multicol 2023/03/30 v1.9f multicolumn formatting (FMi)
\c@tracingmulticols=\count196
\mult@box=\box51
\multicol@leftmargin=\dimen142
\c@unbalance=\count197
\c@collectmore=\count198
\doublecol@number=\count199
\multicoltolerance=\count266
\multicolpretolerance=\count267
\full@width=\dimen143
\page@free=\dimen144
\premulticols=\dimen145
\postmulticols=\dimen146
\multicolsep=\skip50
\multicolbaselineskip=\skip51
\partial@page=\box52
\last@line=\box53
\mc@boxedresult=\box54
\maxbalancingoverflow=\dimen147
\mult@rightbox=\box55
\mult@grightbox=\box56
\mult@firstbox=\box57
\mult@gfirstbox=\box58
\@tempa=\box59
\@tempa=\box60
\@tempa=\box61
\@tempa=\box62
\@tempa=\box63
\@tempa=\box64
\@tempa=\box65
\@tempa=\box66
\@tempa=\box67
\@tempa=\box68
\@tempa=\box69
\@tempa=\box70
\@tempa=\box71
\@tempa=\box72
\@tempa=\box73
\@tempa=\box74
\@tempa=\box75
\@tempa=\box76
\@tempa=\box77
\@tempa=\box78
\@tempa=\box79
\@tempa=\box80
\@tempa=\box81
\@tempa=\box82
\@tempa=\box83
\@tempa=\box84
\@tempa=\box85
\@tempa=\box86
\@tempa=\box87
\@tempa=\box88
\@tempa=\box89
\@tempa=\box90
\@tempa=\box91
\@tempa=\box92
\@tempa=\box93
\@tempa=\box94
\c@minrows=\count268
\c@columnbadness=\count269
\c@finalcolumnbadness=\count270
\last@try=\dimen148
\multicolovershoot=\dimen149
\multicolundershoot=\dimen150
\mult@nat@firstbox=\box95
\colbreak@box=\box96
\mc@col@check@num=\count271
) (/usr/local/texlive/2024/texmf-dist/tex/latex/amsmath/amsmath.sty
Package: amsmath 2023/05/13 v2.17o AMS math features
\@mathmargin=\skip52

For additional information on amsmath, use the `?' option.
(/usr/local/texlive/2024/texmf-dist/tex/latex/amsmath/amstext.sty
Package: amstext 2021/08/26 v2.01 AMS text
 (/usr/local/texlive/2024/texmf-dist/tex/latex/amsmath/amsgen.sty
File: amsgen.sty 1999/11/30 v2.0 generic functions
\@emptytoks=\toks17
\ex@=\dimen151
)) (/usr/local/texlive/2024/texmf-dist/tex/latex/amsmath/amsbsy.sty
Package: amsbsy 1999/11/29 v1.2d Bold Symbols
\pmbraise@=\dimen152
) (/usr/local/texlive/2024/texmf-dist/tex/latex/amsmath/amsopn.sty
Package: amsopn 2022/04/08 v2.04 operator names
)
\inf@bad=\count272
LaTeX Info: Redefining \frac on input line 234.
\uproot@=\count273
\leftroot@=\count274
LaTeX Info: Redefining \overline on input line 399.
LaTeX Info: Redefining \colon on input line 410.
\classnum@=\count275
\DOTSCASE@=\count276
LaTeX Info: Redefining \ldots on input line 496.
LaTeX Info: Redefining \dots on input line 499.
LaTeX Info: Redefining \cdots on input line 620.
\Mathstrutbox@=\box97
\strutbox@=\box98
LaTeX Info: Redefining \big on input line 722.
LaTeX Info: Redefining \Big on input line 723.
LaTeX Info: Redefining \bigg on input line 724.
LaTeX Info: Redefining \Bigg on input line 725.
\big@size=\dimen153
LaTeX Font Info:    Redeclaring font encoding OML on input line 743.
LaTeX Font Info:    Redeclaring font encoding OMS on input line 744.
\macc@depth=\count277
LaTeX Info: Redefining \bmod on input line 905.
LaTeX Info: Redefining \pmod on input line 910.
LaTeX Info: Redefining \smash on input line 940.
LaTeX Info: Redefining \relbar on input line 970.
LaTeX Info: Redefining \Relbar on input line 971.
\c@MaxMatrixCols=\count278
\dotsspace@=\muskip16
\c@parentequation=\count279
\dspbrk@lvl=\count280
\tag@help=\toks18
\row@=\count281
\column@=\count282
\maxfields@=\count283
\andhelp@=\toks19
\eqnshift@=\dimen154
\alignsep@=\dimen155
\tagshift@=\dimen156
\tagwidth@=\dimen157
\totwidth@=\dimen158
\lineht@=\dimen159
\@envbody=\toks20
\multlinegap=\skip53
\multlinetaggap=\skip54
\mathdisplay@stack=\toks21
LaTeX Info: Redefining \[ on input line 2953.
LaTeX Info: Redefining \] on input line 2954.
) (/usr/local/texlive/2024/texmf-dist/tex/latex/changepage/changepage.sty
Package: changepage 2009/10/20 v1.0c check page and change page layout
\c@cp@cntr=\count284
\cp@tempcnt=\count285
) (/usr/local/texlive/2024/texmf-dist/tex/latex/etoolbox/etoolbox.sty
Package: etoolbox 2020/10/05 v2.5k e-TeX tools for LaTeX (JAW)
\etb@tempcnta=\count286
) (/usr/local/texlive/2024/texmf-dist/tex/latex/xcolor/xcolor.sty
Package: xcolor 2023/11/15 v3.01 LaTeX color extensions (UK)
 (/usr/local/texlive/2024/texmf-dist/tex/latex/graphics-cfg/color.cfg
File: color.cfg 2016/01/02 v1.6 sample color configuration
)
Package xcolor Info: Driver file: pdftex.def on input line 274.
 (/usr/local/texlive/2024/texmf-dist/tex/latex/graphics-def/pdftex.def
File: pdftex.def 2022/09/22 v1.2b Graphics/color driver for pdftex
) (/usr/local/texlive/2024/texmf-dist/tex/latex/graphics/mathcolor.ltx)
Package xcolor Info: Model `cmy' substituted by `cmy0' on input line 1350.
Package xcolor Info: Model `hsb' substituted by `rgb' on input line 1354.
Package xcolor Info: Model `RGB' extended on input line 1366.
Package xcolor Info: Model `HTML' substituted by `rgb' on input line 1368.
Package xcolor Info: Model `Hsb' substituted by `hsb' on input line 1369.
Package xcolor Info: Model `tHsb' substituted by `hsb' on input line 1370.
Package xcolor Info: Model `HSB' substituted by `hsb' on input line 1371.
Package xcolor Info: Model `Gray' substituted by `gray' on input line 1372.
Package xcolor Info: Model `wave' substituted by `hsb' on input line 1373.
) (/usr/local/texlive/2024/texmf-dist/tex/latex/graphics/dvipsnam.def
File: dvipsnam.def 2016/06/17 v3.0m Driver-dependent file (DPC,SPQR)
) (/usr/local/texlive/2024/texmf-dist/tex/latex/tcolorbox/tcolorbox.sty
Package: tcolorbox 2024/01/10 version 6.2.0 text color boxes
 (/usr/local/texlive/2024/texmf-dist/tex/latex/pgf/basiclayer/pgf.sty (/usr/local/texlive/2024/texmf-dist/tex/latex/pgf/utilities/pgfrcs.sty (/usr/local/texlive/2024/texmf-dist/tex/generic/pgf/utilities/pgfutil-common.tex
\pgfutil@everybye=\toks22
\pgfutil@tempdima=\dimen160
\pgfutil@tempdimb=\dimen161
) (/usr/local/texlive/2024/texmf-dist/tex/generic/pgf/utilities/pgfutil-latex.def
\pgfutil@abb=\box99
) (/usr/local/texlive/2024/texmf-dist/tex/generic/pgf/utilities/pgfrcs.code.tex (/usr/local/texlive/2024/texmf-dist/tex/generic/pgf/pgf.revision.tex)
Package: pgfrcs 2023-01-15 v3.1.10 (3.1.10)
))
Package: pgf 2023-01-15 v3.1.10 (3.1.10)
 (/usr/local/texlive/2024/texmf-dist/tex/latex/pgf/basiclayer/pgfcore.sty (/usr/local/texlive/2024/texmf-dist/tex/latex/graphics/graphicx.sty
Package: graphicx 2021/09/16 v1.2d Enhanced LaTeX Graphics (DPC,SPQR)
 (/usr/local/texlive/2024/texmf-dist/tex/latex/graphics/keyval.sty
Package: keyval 2022/05/29 v1.15 key=value parser (DPC)
\KV@toks@=\toks23
) (/usr/local/texlive/2024/texmf-dist/tex/latex/graphics/graphics.sty
Package: graphics 2022/03/10 v1.4e Standard LaTeX Graphics (DPC,SPQR)
 (/usr/local/texlive/2024/texmf-dist/tex/latex/graphics/trig.sty
Package: trig 2021/08/11 v1.11 sin cos tan (DPC)
) (/usr/local/texlive/2024/texmf-dist/tex/latex/graphics-cfg/graphics.cfg
File: graphics.cfg 2016/06/04 v1.11 sample graphics configuration
)
Package graphics Info: Driver file: pdftex.def on input line 107.
)
\Gin@req@height=\dimen162
\Gin@req@width=\dimen163
) (/usr/local/texlive/2024/texmf-dist/tex/latex/pgf/systemlayer/pgfsys.sty (/usr/local/texlive/2024/texmf-dist/tex/generic/pgf/systemlayer/pgfsys.code.tex
Package: pgfsys 2023-01-15 v3.1.10 (3.1.10)
 (/usr/local/texlive/2024/texmf-dist/tex/generic/pgf/utilities/pgfkeys.code.tex
\pgfkeys@pathtoks=\toks24
\pgfkeys@temptoks=\toks25
 (/usr/local/texlive/2024/texmf-dist/tex/generic/pgf/utilities/pgfkeyslibraryfiltered.code.tex
\pgfkeys@tmptoks=\toks26
))
\pgf@x=\dimen164
\pgf@y=\dimen165
\pgf@xa=\dimen166
\pgf@ya=\dimen167
\pgf@xb=\dimen168
\pgf@yb=\dimen169
\pgf@xc=\dimen170
\pgf@yc=\dimen171
\pgf@xd=\dimen172
\pgf@yd=\dimen173
\w@pgf@writea=\write3
\r@pgf@reada=\read2
\c@pgf@counta=\count287
\c@pgf@countb=\count288
\c@pgf@countc=\count289
\c@pgf@countd=\count290
\t@pgf@toka=\toks27
\t@pgf@tokb=\toks28
\t@pgf@tokc=\toks29
\pgf@sys@id@count=\count291
 (/usr/local/texlive/2024/texmf-dist/tex/generic/pgf/systemlayer/pgf.cfg
File: pgf.cfg 2023-01-15 v3.1.10 (3.1.10)
)
Driver file for pgf: pgfsys-pdftex.def
 (/usr/local/texlive/2024/texmf-dist/tex/generic/pgf/systemlayer/pgfsys-pdftex.def
File: pgfsys-pdftex.def 2023-01-15 v3.1.10 (3.1.10)
 (/usr/local/texlive/2024/texmf-dist/tex/generic/pgf/systemlayer/pgfsys-common-pdf.def
File: pgfsys-common-pdf.def 2023-01-15 v3.1.10 (3.1.10)
))) (/usr/local/texlive/2024/texmf-dist/tex/generic/pgf/systemlayer/pgfsyssoftpath.code.tex
File: pgfsyssoftpath.code.tex 2023-01-15 v3.1.10 (3.1.10)
\pgfsyssoftpath@smallbuffer@items=\count292
\pgfsyssoftpath@bigbuffer@items=\count293
) (/usr/local/texlive/2024/texmf-dist/tex/generic/pgf/systemlayer/pgfsysprotocol.code.tex
File: pgfsysprotocol.code.tex 2023-01-15 v3.1.10 (3.1.10)
)) (/usr/local/texlive/2024/texmf-dist/tex/generic/pgf/basiclayer/pgfcore.code.tex
Package: pgfcore 2023-01-15 v3.1.10 (3.1.10)
 (/usr/local/texlive/2024/texmf-dist/tex/generic/pgf/math/pgfmath.code.tex (/usr/local/texlive/2024/texmf-dist/tex/generic/pgf/math/pgfmathutil.code.tex) (/usr/local/texlive/2024/texmf-dist/tex/generic/pgf/math/pgfmathparser.code.tex
\pgfmath@dimen=\dimen174
\pgfmath@count=\count294
\pgfmath@box=\box100
\pgfmath@toks=\toks30
\pgfmath@stack@operand=\toks31
\pgfmath@stack@operation=\toks32
) (/usr/local/texlive/2024/texmf-dist/tex/generic/pgf/math/pgfmathfunctions.code.tex) (/usr/local/texlive/2024/texmf-dist/tex/generic/pgf/math/pgfmathfunctions.basic.code.tex) (/usr/local/texlive/2024/texmf-dist/tex/generic/pgf/math/pgfmathfunctions.trigonometric.code.tex) (/usr/local/texlive/2024/texmf-dist/tex/generic/pgf/math/pgfmathfunctions.random.code.tex) (/usr/local/texlive/2024/texmf-dist/tex/generic/pgf/math/pgfmathfunctions.comparison.code.tex) (/usr/local/texlive/2024/texmf-dist/tex/generic/pgf/math/pgfmathfunctions.base.code.tex) (/usr/local/texlive/2024/texmf-dist/tex/generic/pgf/math/pgfmathfunctions.round.code.tex) (/usr/local/texlive/2024/texmf-dist/tex/generic/pgf/math/pgfmathfunctions.misc.code.tex) (/usr/local/texlive/2024/texmf-dist/tex/generic/pgf/math/pgfmathfunctions.integerarithmetics.code.tex) (/usr/local/texlive/2024/texmf-dist/tex/generic/pgf/math/pgfmathcalc.code.tex) (/usr/local/texlive/2024/texmf-dist/tex/generic/pgf/math/pgfmathfloat.code.tex
\c@pgfmathroundto@lastzeros=\count295
)) (/usr/local/texlive/2024/texmf-dist/tex/generic/pgf/math/pgfint.code.tex) (/usr/local/texlive/2024/texmf-dist/tex/generic/pgf/basiclayer/pgfcorepoints.code.tex
File: pgfcorepoints.code.tex 2023-01-15 v3.1.10 (3.1.10)
\pgf@picminx=\dimen175
\pgf@picmaxx=\dimen176
\pgf@picminy=\dimen177
\pgf@picmaxy=\dimen178
\pgf@pathminx=\dimen179
\pgf@pathmaxx=\dimen180
\pgf@pathminy=\dimen181
\pgf@pathmaxy=\dimen182
\pgf@xx=\dimen183
\pgf@xy=\dimen184
\pgf@yx=\dimen185
\pgf@yy=\dimen186
\pgf@zx=\dimen187
\pgf@zy=\dimen188
) (/usr/local/texlive/2024/texmf-dist/tex/generic/pgf/basiclayer/pgfcorepathconstruct.code.tex
File: pgfcorepathconstruct.code.tex 2023-01-15 v3.1.10 (3.1.10)
\pgf@path@lastx=\dimen189
\pgf@path@lasty=\dimen190
) (/usr/local/texlive/2024/texmf-dist/tex/generic/pgf/basiclayer/pgfcorepathusage.code.tex
File: pgfcorepathusage.code.tex 2023-01-15 v3.1.10 (3.1.10)
\pgf@shorten@end@additional=\dimen191
\pgf@shorten@start@additional=\dimen192
) (/usr/local/texlive/2024/texmf-dist/tex/generic/pgf/basiclayer/pgfcorescopes.code.tex
File: pgfcorescopes.code.tex 2023-01-15 v3.1.10 (3.1.10)
\pgfpic=\box101
\pgf@hbox=\box102
\pgf@layerbox@main=\box103
\pgf@picture@serial@count=\count296
) (/usr/local/texlive/2024/texmf-dist/tex/generic/pgf/basiclayer/pgfcoregraphicstate.code.tex
File: pgfcoregraphicstate.code.tex 2023-01-15 v3.1.10 (3.1.10)
\pgflinewidth=\dimen193
) (/usr/local/texlive/2024/texmf-dist/tex/generic/pgf/basiclayer/pgfcoretransformations.code.tex
File: pgfcoretransformations.code.tex 2023-01-15 v3.1.10 (3.1.10)
\pgf@pt@x=\dimen194
\pgf@pt@y=\dimen195
\pgf@pt@temp=\dimen196
) (/usr/local/texlive/2024/texmf-dist/tex/generic/pgf/basiclayer/pgfcorequick.code.tex
File: pgfcorequick.code.tex 2023-01-15 v3.1.10 (3.1.10)
) (/usr/local/texlive/2024/texmf-dist/tex/generic/pgf/basiclayer/pgfcoreobjects.code.tex
File: pgfcoreobjects.code.tex 2023-01-15 v3.1.10 (3.1.10)
) (/usr/local/texlive/2024/texmf-dist/tex/generic/pgf/basiclayer/pgfcorepathprocessing.code.tex
File: pgfcorepathprocessing.code.tex 2023-01-15 v3.1.10 (3.1.10)
) (/usr/local/texlive/2024/texmf-dist/tex/generic/pgf/basiclayer/pgfcorearrows.code.tex
File: pgfcorearrows.code.tex 2023-01-15 v3.1.10 (3.1.10)
\pgfarrowsep=\dimen197
) (/usr/local/texlive/2024/texmf-dist/tex/generic/pgf/basiclayer/pgfcoreshade.code.tex
File: pgfcoreshade.code.tex 2023-01-15 v3.1.10 (3.1.10)
\pgf@max=\dimen198
\pgf@sys@shading@range@num=\count297
\pgf@shadingcount=\count298
) (/usr/local/texlive/2024/texmf-dist/tex/generic/pgf/basiclayer/pgfcoreimage.code.tex
File: pgfcoreimage.code.tex 2023-01-15 v3.1.10 (3.1.10)
) (/usr/local/texlive/2024/texmf-dist/tex/generic/pgf/basiclayer/pgfcoreexternal.code.tex
File: pgfcoreexternal.code.tex 2023-01-15 v3.1.10 (3.1.10)
\pgfexternal@startupbox=\box104
) (/usr/local/texlive/2024/texmf-dist/tex/generic/pgf/basiclayer/pgfcorelayers.code.tex
File: pgfcorelayers.code.tex 2023-01-15 v3.1.10 (3.1.10)
) (/usr/local/texlive/2024/texmf-dist/tex/generic/pgf/basiclayer/pgfcoretransparency.code.tex
File: pgfcoretransparency.code.tex 2023-01-15 v3.1.10 (3.1.10)
) (/usr/local/texlive/2024/texmf-dist/tex/generic/pgf/basiclayer/pgfcorepatterns.code.tex
File: pgfcorepatterns.code.tex 2023-01-15 v3.1.10 (3.1.10)
) (/usr/local/texlive/2024/texmf-dist/tex/generic/pgf/basiclayer/pgfcorerdf.code.tex
File: pgfcorerdf.code.tex 2023-01-15 v3.1.10 (3.1.10)
))) (/usr/local/texlive/2024/texmf-dist/tex/generic/pgf/modules/pgfmoduleshapes.code.tex
File: pgfmoduleshapes.code.tex 2023-01-15 v3.1.10 (3.1.10)
\pgfnodeparttextbox=\box105
) (/usr/local/texlive/2024/texmf-dist/tex/generic/pgf/modules/pgfmoduleplot.code.tex
File: pgfmoduleplot.code.tex 2023-01-15 v3.1.10 (3.1.10)
) (/usr/local/texlive/2024/texmf-dist/tex/latex/pgf/compatibility/pgfcomp-version-0-65.sty
Package: pgfcomp-version-0-65 2023-01-15 v3.1.10 (3.1.10)
\pgf@nodesepstart=\dimen199
\pgf@nodesepend=\dimen256
) (/usr/local/texlive/2024/texmf-dist/tex/latex/pgf/compatibility/pgfcomp-version-1-18.sty
Package: pgfcomp-version-1-18 2023-01-15 v3.1.10 (3.1.10)
)) (/usr/local/texlive/2024/texmf-dist/tex/latex/tools/verbatim.sty
Package: verbatim 2023-11-06 v1.5v LaTeX2e package for verbatim enhancements
\every@verbatim=\toks33
\verbatim@line=\toks34
\verbatim@in@stream=\read3
) (/usr/local/texlive/2024/texmf-dist/tex/latex/environ/environ.sty
Package: environ 2014/05/04 v0.3 A new way to define environments
 (/usr/local/texlive/2024/texmf-dist/tex/latex/trimspaces/trimspaces.sty
Package: trimspaces 2009/09/17 v1.1 Trim spaces around a token list
))
\tcb@titlebox=\box106
\tcb@upperbox=\box107
\tcb@lowerbox=\box108
\tcb@phantombox=\box109
\c@tcbbreakpart=\count299
\c@tcblayer=\count300
\c@tcolorbox@number=\count301
\l__tcobox_tmpa_box=\box110
\l__tcobox_tmpa_dim=\dimen257
\tcb@temp=\box111
\tcb@temp=\box112
\tcb@temp=\box113
\tcb@temp=\box114
) (/usr/local/texlive/2024/texmf-dist/tex/latex/enumitem/enumitem.sty
Package: enumitem 2019/06/20 v3.9 Customized lists
\labelindent=\skip55
\enit@outerparindent=\dimen258
\enit@toks=\toks35
\enit@inbox=\box115
\enit@count@id=\count302
\enitdp@description=\count303
) (/usr/local/texlive/2024/texmf-dist/tex/latex/hyperref/hyperref.sty
Package: hyperref 2024-01-20 v7.01h Hypertext links for LaTeX
 (/usr/local/texlive/2024/texmf-dist/tex/generic/iftex/iftex.sty
Package: iftex 2022/02/03 v1.0f TeX engine tests
) (/usr/local/texlive/2024/texmf-dist/tex/latex/kvsetkeys/kvsetkeys.sty
Package: kvsetkeys 2022-10-05 v1.19 Key value parser (HO)
) (/usr/local/texlive/2024/texmf-dist/tex/generic/kvdefinekeys/kvdefinekeys.sty
Package: kvdefinekeys 2019-12-19 v1.6 Define keys (HO)
) (/usr/local/texlive/2024/texmf-dist/tex/generic/pdfescape/pdfescape.sty
Package: pdfescape 2019/12/09 v1.15 Implements pdfTeX's escape features (HO)
 (/usr/local/texlive/2024/texmf-dist/tex/generic/ltxcmds/ltxcmds.sty
Package: ltxcmds 2023-12-04 v1.26 LaTeX kernel commands for general use (HO)
) (/usr/local/texlive/2024/texmf-dist/tex/generic/pdftexcmds/pdftexcmds.sty
Package: pdftexcmds 2020-06-27 v0.33 Utility functions of pdfTeX for LuaTeX (HO)
 (/usr/local/texlive/2024/texmf-dist/tex/generic/infwarerr/infwarerr.sty
Package: infwarerr 2019/12/03 v1.5 Providing info/warning/error messages (HO)
)
Package pdftexcmds Info: \pdf@primitive is available.
Package pdftexcmds Info: \pdf@ifprimitive is available.
Package pdftexcmds Info: \pdfdraftmode found.
)) (/usr/local/texlive/2024/texmf-dist/tex/latex/hycolor/hycolor.sty
Package: hycolor 2020-01-27 v1.10 Color options for hyperref/bookmark (HO)
) (/usr/local/texlive/2024/texmf-dist/tex/latex/auxhook/auxhook.sty
Package: auxhook 2019-12-17 v1.6 Hooks for auxiliary files (HO)
) (/usr/local/texlive/2024/texmf-dist/tex/latex/hyperref/nameref.sty
Package: nameref 2023-11-26 v2.56 Cross-referencing by name of section
 (/usr/local/texlive/2024/texmf-dist/tex/latex/refcount/refcount.sty
Package: refcount 2019/12/15 v3.6 Data extraction from label references (HO)
) (/usr/local/texlive/2024/texmf-dist/tex/generic/gettitlestring/gettitlestring.sty
Package: gettitlestring 2019/12/15 v1.6 Cleanup title references (HO)
 (/usr/local/texlive/2024/texmf-dist/tex/latex/kvoptions/kvoptions.sty
Package: kvoptions 2022-06-15 v3.15 Key value format for package options (HO)
))
\c@section@level=\count304
)
\@linkdim=\dimen259
\Hy@linkcounter=\count305
\Hy@pagecounter=\count306
 (/usr/local/texlive/2024/texmf-dist/tex/latex/hyperref/pd1enc.def
File: pd1enc.def 2024-01-20 v7.01h Hyperref: PDFDocEncoding definition (HO)
Now handling font encoding PD1 ...
... no UTF-8 mapping file for font encoding PD1
) (/usr/local/texlive/2024/texmf-dist/tex/generic/intcalc/intcalc.sty
Package: intcalc 2019/12/15 v1.3 Expandable calculations with integers (HO)
)
\Hy@SavedSpaceFactor=\count307
 (/usr/local/texlive/2024/texmf-dist/tex/latex/hyperref/puenc.def
File: puenc.def 2024-01-20 v7.01h Hyperref: PDF Unicode definition (HO)
Now handling font encoding PU ...
... no UTF-8 mapping file for font encoding PU
)
Package hyperref Info: Hyper figures OFF on input line 4179.
Package hyperref Info: Link nesting OFF on input line 4184.
Package hyperref Info: Hyper index ON on input line 4187.
Package hyperref Info: Plain pages OFF on input line 4194.
Package hyperref Info: Backreferencing OFF on input line 4199.
Package hyperref Info: Implicit mode ON; LaTeX internals redefined.
Package hyperref Info: Bookmarks ON on input line 4446.
\c@Hy@tempcnt=\count308
 (/usr/local/texlive/2024/texmf-dist/tex/latex/url/url.sty
\Urlmuskip=\muskip17
Package: url 2013/09/16  ver 3.4  Verb mode for urls, etc.
)
LaTeX Info: Redefining \url on input line 4784.
\XeTeXLinkMargin=\dimen260
 (/usr/local/texlive/2024/texmf-dist/tex/generic/bitset/bitset.sty
Package: bitset 2019/12/09 v1.3 Handle bit-vector datatype (HO)
 (/usr/local/texlive/2024/texmf-dist/tex/generic/bigintcalc/bigintcalc.sty
Package: bigintcalc 2019/12/15 v1.5 Expandable calculations on big integers (HO)
))
\Fld@menulength=\count309
\Field@Width=\dimen261
\Fld@charsize=\dimen262
Package hyperref Info: Hyper figures OFF on input line 6063.
Package hyperref Info: Link nesting OFF on input line 6068.
Package hyperref Info: Hyper index ON on input line 6071.
Package hyperref Info: backreferencing OFF on input line 6078.
Package hyperref Info: Link coloring OFF on input line 6083.
Package hyperref Info: Link coloring with OCG OFF on input line 6088.
Package hyperref Info: PDF/A mode OFF on input line 6093.
 (/usr/local/texlive/2024/texmf-dist/tex/latex/base/atbegshi-ltx.sty
Package: atbegshi-ltx 2021/01/10 v1.0c Emulation of the original atbegshi
package with kernel methods
)
\Hy@abspage=\count310
\c@Item=\count311
\c@Hfootnote=\count312
)
Package hyperref Info: Driver: hpdftex.
 (/usr/local/texlive/2024/texmf-dist/tex/latex/hyperref/hpdftex.def
File: hpdftex.def 2024-01-20 v7.01h Hyperref driver for pdfTeX
 (/usr/local/texlive/2024/texmf-dist/tex/latex/base/atveryend-ltx.sty
Package: atveryend-ltx 2020/08/19 v1.0a Emulation of the original atveryend package
with kernel methods
)
\Fld@listcount=\count313
\c@bookmark@seq@number=\count314
 (/usr/local/texlive/2024/texmf-dist/tex/latex/rerunfilecheck/rerunfilecheck.sty
Package: rerunfilecheck 2022-07-10 v1.10 Rerun checks for auxiliary files (HO)
 (/usr/local/texlive/2024/texmf-dist/tex/generic/uniquecounter/uniquecounter.sty
Package: uniquecounter 2019/12/15 v1.4 Provide unlimited unique counter (HO)
)
Package uniquecounter Info: New unique counter `rerunfilecheck' on input line 285.
)
\Hy@SectionHShift=\skip56
)
\enitdp@plusitemize=\count315
\enitdp@minusitemize=\count316
) (/usr/local/texlive/2024/texmf-dist/tex/latex/geometry/geometry.sty
Package: geometry 2020/01/02 v5.9 Page Geometry
 (/usr/local/texlive/2024/texmf-dist/tex/generic/iftex/ifvtex.sty
Package: ifvtex 2019/10/25 v1.7 ifvtex legacy package. Use iftex instead.
)
\Gm@cnth=\count317
\Gm@cntv=\count318
\c@Gm@tempcnt=\count319
\Gm@bindingoffset=\dimen263
\Gm@wd@mp=\dimen264
\Gm@odd@mp=\dimen265
\Gm@even@mp=\dimen266
\Gm@layoutwidth=\dimen267
\Gm@layoutheight=\dimen268
\Gm@layouthoffset=\dimen269
\Gm@layoutvoffset=\dimen270
\Gm@dimlist=\toks36
) (/usr/local/texlive/2024/texmf-dist/tex/latex/blindtext/blindtext.sty
Package: blindtext 2012/01/06 V2.0 blindtext-Package
 (/usr/local/texlive/2024/texmf-dist/tex/latex/tools/xspace.sty
Package: xspace 2014/10/28 v1.13 Space after command names (DPC,MH)
)
\c@blindtext=\count320
\c@Blindtext=\count321
\c@blind@countparstart=\count322
\blind@countxx=\count323
\blindtext@numBlindtext=\count324
\blind@countyy=\count325
\c@blindlist=\count326
\c@blindlistlevel=\count327
\c@blindlist@level=\count328
\blind@listitem=\count329
\c@blind@listcount=\count330
\c@blind@levelcount=\count331
\blind@mathformula=\count332
\blind@Mathformula=\count333
\c@blind@randomcount=\count334
\c@blind@randommax=\count335
\c@blind@pangramcount=\count336
\c@blind@pangrammax=\count337
) (/usr/local/texlive/2024/texmf-dist/tex/latex/cancel/cancel.sty
Package: cancel 2013/04/12 v2.2 Cancel math terms
) (/usr/local/texlive/2024/texmf-dist/tex/latex/l3backend/l3backend-pdftex.def
File: l3backend-pdftex.def 2024-02-20 L3 backend support: PDF output (pdfTeX)
\l__color_backend_stack_int=\count338
\l__pdf_internal_box=\box116
) (./main.aux)
\openout1 = `main.aux'.

LaTeX Font Info:    Checking defaults for OML/cmm/m/it on input line 10.
LaTeX Font Info:    ... okay on input line 10.
LaTeX Font Info:    Checking defaults for OMS/cmsy/m/n on input line 10.
LaTeX Font Info:    ... okay on input line 10.
LaTeX Font Info:    Checking defaults for OT1/cmr/m/n on input line 10.
LaTeX Font Info:    ... okay on input line 10.
LaTeX Font Info:    Checking defaults for T1/cmr/m/n on input line 10.
LaTeX Font Info:    ... okay on input line 10.
LaTeX Font Info:    Checking defaults for TS1/cmr/m/n on input line 10.
LaTeX Font Info:    ... okay on input line 10.
LaTeX Font Info:    Checking defaults for OMX/cmex/m/n on input line 10.
LaTeX Font Info:    ... okay on input line 10.
LaTeX Font Info:    Checking defaults for U/cmr/m/n on input line 10.
LaTeX Font Info:    ... okay on input line 10.
LaTeX Font Info:    Checking defaults for PD1/pdf/m/n on input line 10.
LaTeX Font Info:    ... okay on input line 10.
LaTeX Font Info:    Checking defaults for PU/pdf/m/n on input line 10.
LaTeX Font Info:    ... okay on input line 10.
 (/usr/local/texlive/2024/texmf-dist/tex/context/base/mkii/supp-pdf.mkii
[Loading MPS to PDF converter (version 2006.09.02).]
\scratchcounter=\count339
\scratchdimen=\dimen271
\scratchbox=\box117
\nofMPsegments=\count340
\nofMParguments=\count341
\everyMPshowfont=\toks37
\MPscratchCnt=\count342
\MPscratchDim=\dimen272
\MPnumerator=\count343
\makeMPintoPDFobject=\count344
\everyMPtoPDFconversion=\toks38
) (/usr/local/texlive/2024/texmf-dist/tex/latex/epstopdf-pkg/epstopdf-base.sty
Package: epstopdf-base 2020-01-24 v2.11 Base part for package epstopdf
Package epstopdf-base Info: Redefining graphics rule for `.eps' on input line 485.
 (/usr/local/texlive/2024/texmf-dist/tex/latex/latexconfig/epstopdf-sys.cfg
File: epstopdf-sys.cfg 2010/07/13 v1.3 Configuration of (r)epstopdf for TeX Live
))
Package hyperref Info: Link coloring OFF on input line 10.
 (./main.out) (./main.out)
\@outlinefile=\write4
\openout4 = `main.out'.


*geometry* driver: auto-detecting
*geometry* detected driver: pdftex
*geometry* verbose mode - [ preamble ] result:
* driver: pdftex
* paper: <default>
* layout: <same size as paper>
* layoutoffset:(h,v)=(0.0pt,0.0pt)
* modes: 
* h-part:(L,W,R)=(0.28436pt, 844.47812pt, 0.28436pt)
* v-part:(T,H,B)=(0.28436pt, 595.8008pt, 1.42271pt)
* \paperwidth=845.04684pt
* \paperheight=597.50787pt
* \textwidth=844.47812pt
* \textheight=595.8008pt
* \oddsidemargin=-71.98563pt
* \evensidemargin=-71.98563pt
* \topmargin=-108.98563pt
* \headheight=12.0pt
* \headsep=25.0pt
* \topskip=9.0pt
* \footskip=30.0pt
* \marginparwidth=144.0pt
* \marginparsep=10.0pt
* \columnsep=1.42262pt
* \skip\footins=28.0pt plus 16.0pt minus 8.0pt
* \hoffset=0.0pt
* \voffset=0.0pt
* \mag=1000
* \@twocolumnfalse
* \@twosidefalse
* \@mparswitchfalse
* \@reversemarginfalse
* (1in=72.27pt=25.4mm, 1cm=28.453pt)

(./src/1_Definition und Aufgaben/Definition und Aufgaben.tex
LaTeX Font Info:    Trying to load font information for TS1+cmss on input line 3.
 (/usr/local/texlive/2024/texmf-dist/tex/latex/base/ts1cmss.fd
File: ts1cmss.fd 2023/04/13 v2.5m Standard LaTeX font definitions
)) (./src/2_Kosten Rechnung/Machinenstundensatz.tex)
Overfull \hbox (1.18056pt too wide) in paragraph at lines 38--19
[]$[]$ $[]$
 []

(./src/2_Kosten Rechnung/Stueckkosten.tex
Overfull \hbox (1.18057pt too wide) in paragraph at lines 7--22
[]$[]$ $[]$
 []


Overfull \hbox (1.18057pt too wide) in paragraph at lines 25--43
[]$[]$ $[]$
 []


Overfull \hbox (1.18057pt too wide) in paragraph at lines 46--63
[]$[]$ $[]$
 []

) (./src/3_Prozesse und Prozessketten/Prozesse.tex
Underfull \hbox (badness 10000) in paragraph at lines 1--11
\OT1/cmss/bx/n/7 Verschwendung: []\OT1/cmss/m/n/7 Uberproduktion, Unn^^?otige Be-we-gung,
 []


Underfull \hbox (badness 10000) in paragraph at lines 1--11
\OT1/cmss/m/n/7 streg-ulierende Regelkreise gew^^?ahrleiten Ma-te-ri-alver-sorgung.
 []


Underfull \hbox (badness 10000) in paragraph at lines 1--11

 []

) (./src/3_Prozesse und Prozessketten/Messen und Pruefen.tex
Underfull \hbox (badness 10000) in paragraph at lines 12--17

 []


Underfull \hbox (badness 10000) in paragraph at lines 18--21

 []

) (./src/3_Prozesse und Prozessketten/Prozessfaehigkeit.tex) (./src/3_Prozesse und Prozessketten/Rauheiten.tex
<src/images/rauheiten.png, id=16, 719.68875pt x 277.035pt>
File: src/images/rauheiten.png Graphic file (type png)
<use src/images/rauheiten.png>
Package pdftex.def Info: src/images/rauheiten.png  used on input line 2.
(pdftex.def)             Requested size: 170.71652pt x 65.71617pt.
)
<src/images/lagetoleranzen.png, id=18, 623.32875pt x 395.4775pt>
File: src/images/lagetoleranzen.png Graphic file (type png)
<use src/images/lagetoleranzen.png>
Package pdftex.def Info: src/images/lagetoleranzen.png  used on input line 31.
(pdftex.def)             Requested size: 113.81102pt x 72.20874pt.
 (./src/3_Prozesse und Prozessketten/Gestaltabweichungen.tex) (./src/4_Simulation/Simulation.tex
Underfull \hbox (badness 10000) in paragraph at lines 1--5

 []


Underfull \hbox (badness 7649) in paragraph at lines 14--16
\OT1/cmss/m/n/7 Giessprozesse (Formf^^?ullung Er-star-rung), Um-for-men (Kraft,
 []


Underfull \hbox (badness 10000) in paragraph at lines 14--16

 []


Underfull \hbox (badness 10000) in paragraph at lines 17--20

 []


Underfull \hbox (badness 10000) in paragraph at lines 21--23

 []


Underfull \hbox (badness 10000) in paragraph at lines 24--26

 []


Underfull \hbox (badness 10000) in paragraph at lines 29--30

 []


Underfull \hbox (badness 10000) in paragraph at lines 34--36

 []


Underfull \hbox (badness 10000) in paragraph at lines 50--51
[]\OT1/cmss/m/n/7 Gr^^?ossere Zeitschritte
 []


Underfull \hbox (badness 5548) in paragraph at lines 52--53
[]\OT1/cmss/m/n/7 Effektiv bei kleinen,
 []


Underfull \hbox (badness 10000) in paragraph at lines 47--62

 []


Underfull \hbox (badness 10000) in paragraph at lines 67--68
[]\OT1/cmss/m/n/7 Gut bei Nicht-lin-
 []

) (./src/5_Urformen/Giesssystem.tex
<src/images/Giesssystem.png, id=19, 460.72125pt x 266.9975pt>
File: src/images/Giesssystem.png Graphic file (type png)
<use src/images/Giesssystem.png>
Package pdftex.def Info: src/images/Giesssystem.png  used on input line 3.
(pdftex.def)             Requested size: 113.81102pt x 65.95476pt.

Overfull \hbox (11.63pt too wide) in paragraph at lines 3--4
[][] 
 []


Underfull \hbox (badness 10000) in paragraph at lines 7--11
\OT1/cmss/m/n/7 Erstarrungs- vor-gang,
 []


Underfull \hbox (badness 10000) in paragraph at lines 11--16
\OT1/cmss/m/n/7 Hohlr^^?aume nach-fliesst,
 []


Underfull \hbox (badness 5832) in paragraph at lines 11--16
\OT1/cmss/m/n/7 zu Ober- fl^^?ache sollte
 []


Underfull \hbox (badness 10000) in paragraph at lines 11--16
\OT1/cmss/m/n/7 gr^^?osser sein als beim
 []

)
Overfull \hbox (1.6528pt too wide) in paragraph at lines 2--43
[]$[]$ $[]$
 []

[1

{/usr/local/texlive/2024/texmf-var/fonts/map/pdftex/updmap/pdftex.map}{/usr/local/texlive/2024/texmf-dist/fonts/enc/dvips/cm-super/cm-super-ts1.enc} <./src/images/rauheiten.png> <./src/images/lagetoleranzen.png>] (./src/5_Urformen/Verlorene Formen.tex
Underfull \hbox (badness 10000) in paragraph at lines 1--2

 []


Underfull \hbox (badness 10000) in paragraph at lines 3--7

 []

) (./src/5_Urformen/Druckguss.tex
Underfull \hbox (badness 10000) in paragraph at lines 1--4

 []


Underfull \hbox (badness 10000) in paragraph at lines 5--8

 []

)
Underfull \hbox (badness 10000) in paragraph at lines 9--47

 []

(./src/5_Urformen/Gusseisen.tex
<src/images/Gusseisen.png, id=53, 649.42625pt x 271.0125pt>
File: src/images/Gusseisen.png Graphic file (type png)
<use src/images/Gusseisen.png>
Package pdftex.def Info: src/images/Gusseisen.png  used on input line 1.
(pdftex.def)             Requested size: 204.36203pt x 85.28253pt.

Underfull \hbox (badness 10000) in paragraph at lines 1--2

 []


Underfull \hbox (badness 10000) in paragraph at lines 3--5

 []


Underfull \hbox (badness 10000) in paragraph at lines 6--7

 []

)
Underfull \hbox (badness 10000) in paragraph at lines 8--49

 []

(./src/5_Urformen/Erstarrungszeit.tex
Overfull \hbox (1.18057pt too wide) in paragraph at lines 2--21
[]$[]$ $[]$
 []

) (./src/5_Urformen/Exogene Erstarrung.tex
<src/images/Exogene Erstarrung.png, id=54, 524.96124pt x 124.465pt>
File: src/images/Exogene Erstarrung.png Graphic file (type png)
<use src/images/Exogene Erstarrung.png>
Package pdftex.def Info: src/images/Exogene Erstarrung.png  used on input line 2.
(pdftex.def)             Requested size: 113.81102pt x 26.98355pt.
) (./src/5_Urformen/Endogene Erstarrung.tex
<src/images/Endogene Erstarrung.png, id=55, 353.32pt x 122.4575pt>
File: src/images/Endogene Erstarrung.png Graphic file (type png)
<use src/images/Endogene Erstarrung.png>
Package pdftex.def Info: src/images/Endogene Erstarrung.png  used on input line 2.
(pdftex.def)             Requested size: 113.81102pt x 39.44505pt.

Underfull \hbox (badness 10000) in paragraph at lines 5--7

 []

) (./src/5_Urformen/Erstarrungsmodelle.tex
<src/images/Tiegel.png, id=56, 622.325pt x 224.84pt>
File: src/images/Tiegel.png Graphic file (type png)
<use src/images/Tiegel.png>
Package pdftex.def Info: src/images/Tiegel.png  used on input line 1.
(pdftex.def)             Requested size: 199.16928pt x 71.95712pt.

Underfull \hbox (badness 10000) in paragraph at lines 1--3
[][]
 []

) (./src/5_Urformen/Diffusion.tex
<src/images/Diffusion1.png, id=57, 818.05624pt x 490.83376pt>
File: src/images/Diffusion1.png Graphic file (type png)
<use src/images/Diffusion1.png>
Package pdftex.def Info: src/images/Diffusion1.png  used on input line 1.
(pdftex.def)             Requested size: 199.16928pt x 119.50262pt.
<src/images/Diffusion2.png, id=58, 425.59pt x 354.32375pt>
File: src/images/Diffusion2.png Graphic file (type png)
<use src/images/Diffusion2.png>
Package pdftex.def Info: src/images/Diffusion2.png  used on input line 4.
(pdftex.def)             Requested size: 142.26378pt x 118.44102pt.
) (./src/5_Urformen/Keimbildung.tex
<src/images/Homogen.png, id=59, 271.0125pt x 239.89626pt>
File: src/images/Homogen.png Graphic file (type png)
<use src/images/Homogen.png>
Package pdftex.def Info: src/images/Homogen.png  used on input line 2.
(pdftex.def)             Requested size: 99.58464pt x 88.14891pt.
<src/images/Heterogen.png, id=60, 297.11pt x 235.88126pt>
File: src/images/Heterogen.png Graphic file (type png)
<use src/images/Heterogen.png>
Package pdftex.def Info: src/images/Heterogen.png  used on input line 5.
(pdftex.def)             Requested size: 99.58464pt x 79.06119pt.

Overfull \hbox (1.6528pt too wide) in paragraph at lines 1--7
[]$[]$ $[]$ 
 []

)
Underfull \hbox (badness 10000) in paragraph at lines 9--61

 []

(./src/5_Urformen/Thermo.tex
<src/images/Thermo_Erstarrung.png, id=61, 469.755pt x 432.61626pt>
File: src/images/Thermo_Erstarrung.png Graphic file (type png)
<use src/images/Thermo_Erstarrung.png>
Package pdftex.def Info: src/images/Thermo_Erstarrung.png  used on input line 3.
(pdftex.def)             Requested size: 99.58464pt x 91.71025pt.
<src/images/Embryo_vs_Keim.png, id=62, 400.49625pt x 362.35374pt>
File: src/images/Embryo_vs_Keim.png Graphic file (type png)
<use src/images/Embryo_vs_Keim.png>
Package pdftex.def Info: src/images/Embryo_vs_Keim.png  used on input line 7.
(pdftex.def)             Requested size: 99.58464pt x 90.09612pt.

Overfull \hbox (1.18057pt too wide) in paragraph at lines 2--10
[]$[]$ $[]$ 
 []


Underfull \hbox (badness 10000) in paragraph at lines 12--14

 []


Overfull \hbox (1.18057pt too wide) in paragraph at lines 11--26
[]$[]$ $[]$
 []


Overfull \hbox (1.18056pt too wide) in paragraph at lines 28--39
[]$[]$ $[]$
 []


Overfull \hbox (1.65279pt too wide) in paragraph at lines 40--52
[]$[]$ $[]$ 
 []


Overfull \hbox (1.65279pt too wide) in paragraph at lines 55--68
[]$[]$ $[]$
 []


Underfull \hbox (badness 10000) in paragraph at lines 69--70

 []

) (./src/5_Urformen/Mechanischen Eigenschaften und Abkühlrate.tex
<src/images/Abkühlrate1.png, id=63, 232.87pt x 158.5925pt>
File: src/images/Abkühlrate1.png Graphic file (type png)
<use src/images/Abkühlrate1.png>
Package pdftex.def Info: src/images/Abkühlrate1.png  used on input line 2.
(pdftex.def)             Requested size: 99.58464pt x 67.82076pt.
<src/images/Abkühlrate2.png, id=64, 232.87pt x 158.5925pt>
File: src/images/Abkühlrate2.png Graphic file (type png)
<use src/images/Abkühlrate2.png>
Package pdftex.def Info: src/images/Abkühlrate2.png  used on input line 5.
(pdftex.def)             Requested size: 99.58464pt x 67.82076pt.
)
Overfull \hbox (1.6528pt too wide) in paragraph at lines 1--65
[]$[]$ $[]$
 []

(./src/5_Urformen/Auslegung Giessprozess.tex
Overfull \hbox (1.65279pt too wide) in paragraph at lines 1--14
[]$[]$ $[]$
 []


Overfull \hbox (1.65279pt too wide) in paragraph at lines 15--28
[]$[]$ $[]$
 []

)
Overfull \hbox (1.65279pt too wide) in paragraph at lines 29--67
[]$[]$ $[]$
 []

(./src/5_Urformen/Eisenkohl.diagr.tex
<src/images/Eisenkohlenstoffdiagramm.png, id=65, 1011.78pt x 863.225pt>
File: src/images/Eisenkohlenstoffdiagramm.png Graphic file (type png)
<use src/images/Eisenkohlenstoffdiagramm.png>
Package pdftex.def Info: src/images/Eisenkohlenstoffdiagramm.png  used on input line 1.
(pdftex.def)             Requested size: 199.16928pt x 169.91539pt.

Underfull \hbox (badness 10000) in paragraph at lines 4--5

 []


Underfull \hbox (badness 10000) in paragraph at lines 5--6

 []


Underfull \hbox (badness 10000) in paragraph at lines 6--7

 []


Underfull \hbox (badness 10000) in paragraph at lines 11--12

 []


Underfull \hbox (badness 10000) in paragraph at lines 12--13

 []


Underfull \hbox (badness 10000) in paragraph at lines 13--14

 []


Underfull \hbox (badness 10000) in paragraph at lines 1--16
[][]
 []


Overfull \hbox (3.6953pt too wide) in paragraph at lines 1--16
[]$ $[]$ 
 []

<src/images/Hebelgesetz.jpeg, id=66, 1018.80624pt x 813.0375pt>
File: src/images/Hebelgesetz.jpeg Graphic file (type jpg)
<use src/images/Hebelgesetz.jpeg>
Package pdftex.def Info: src/images/Hebelgesetz.jpeg  used on input line 17.
(pdftex.def)             Requested size: 199.16928pt x 158.93246pt.
<src/images/Kreisli.png, id=67, 765.86125pt x 559.08875pt>
File: src/images/Kreisli.png Graphic file (type png)
<use src/images/Kreisli.png>
Package pdftex.def Info: src/images/Kreisli.png  used on input line 20.
(pdftex.def)             Requested size: 113.81102pt x 83.08336pt.

Underfull \hbox (badness 10000) in paragraph at lines 23--29

 []


Overfull \hbox (1.65279pt too wide) in paragraph at lines 19--30
[]$[]$ $[]$ 
 []

) (./src/6_Pulvermetallurgie/Pulver Eigenschaften.tex) (./src/6_Pulvermetallurgie/Pulverherstellung.tex
<src/images/Pulverherstellung.png, id=68, 897.3525pt x 435.6275pt>
File: src/images/Pulverherstellung.png Graphic file (type png)
<use src/images/Pulverherstellung.png>
Package pdftex.def Info: src/images/Pulverherstellung.png  used on input line 1.
(pdftex.def)             Requested size: 199.16928pt x 96.68253pt.
 [2 <./src/images/Giesssystem.png> <./src/images/Gusseisen.png> <./src/images/Exogene Erstarrung.png> <./src/images/Endogene Erstarrung.png> <./src/images/Tiegel.png> <./src/images/Diffusion1.png> <./src/images/Diffusion2.png> <./src/images/Homogen.png> <./src/images/Heterogen.png> <./src/images/Thermo_Erstarrung.png> <./src/images/Embryo_vs_Keim.png> <./src/images/Abkühlrate1.png> <./src/images/Abkühlrate2.png> <./src/images/Eisenkohlenstoffdiagramm.png> <./src/images/Hebelgesetz.jpeg> <./src/images/Kreisli.png>]
<src/images/Verdüsen.png, id=104, 473.77pt x 181.67876pt>
File: src/images/Verdüsen.png Graphic file (type png)
<use src/images/Verdüsen.png>
Package pdftex.def Info: src/images/Verdüsen.png  used on input line 3.
(pdftex.def)             Requested size: 199.16928pt x 76.37662pt.

Underfull \hbox (badness 10000) in paragraph at lines 3--23
[][]
 []


Overfull \hbox (1.6528pt too wide) in paragraph at lines 3--23
[]$ $[]$ 
 []

<src/images/Schleudern:Elektrolytisch.png, id=105, 473.77pt x 181.67876pt>
File: src/images/Schleudern:Elektrolytisch.png Graphic file (type png)
<use src/images/Schleudern:Elektrolytisch.png>
Package pdftex.def Info: src/images/Schleudern:Elektrolytisch.png  used on input line 24.
(pdftex.def)             Requested size: 199.16928pt x 76.37662pt.

Underfull \hbox (badness 10000) in paragraph at lines 24--47
[][]
 []


Overfull \hbox (1.6528pt too wide) in paragraph at lines 24--47
[]$ $[]$ 
 []

) (./src/6_Pulvermetallurgie/Kennwerte.tex
Underfull \hbox (badness 10000) in paragraph at lines 11--14

 []


Underfull \hbox (badness 10000) in paragraph at lines 15--18

 []

)
Underfull \hbox (badness 10000) in paragraph at lines 19--78

 []

(./src/6_Pulvermetallurgie/Sintern.tex
Underfull \hbox (badness 10000) in paragraph at lines 1--9

 []

<src/images/Sintern.png, id=106, 542.025pt x 428.60126pt>
File: src/images/Sintern.png Graphic file (type png)
<use src/images/Sintern.png>
Package pdftex.def Info: src/images/Sintern.png  used on input line 10.
(pdftex.def)             Requested size: 122.61845pt x 96.95432pt.
)
Underfull \hbox (badness 10000) in paragraph at lines 10--81

 []

(./src/6_Pulvermetallurgie/Pulver Formeln.tex
Underfull \hbox (badness 10000) in paragraph at lines 1--2

 []


Overfull \hbox (1.6528pt too wide) in paragraph at lines 3--17
[]$[]$ $[]$
 []


Underfull \hbox (badness 10000) in paragraph at lines 18--19

 []


Underfull \hbox (badness 10000) in paragraph at lines 31--32
[]$\OML/cmm/m/it/7 f$\OT1/cmss/m/n/7 : Pa-ram-e-ter (Mor-pholo-
 []


Overfull \hbox (1.6528pt too wide) in paragraph at lines 20--34
[]$[]$ $[]$
 []


Underfull \hbox (badness 10000) in paragraph at lines 35--36

 []


Overfull \hbox (1.6528pt too wide) in paragraph at lines 37--50
[]$[]$ $[]$
 []


Underfull \hbox (badness 10000) in paragraph at lines 51--52

 []


Overfull \hbox (1.6528pt too wide) in paragraph at lines 53--65
[]$[]$ $[]$
 []


Underfull \hbox (badness 10000) in paragraph at lines 66--67

 []


Overfull \hbox (1.6528pt too wide) in paragraph at lines 68--80
[]$[]$ $[]$
 []


Underfull \hbox (badness 10000) in paragraph at lines 81--82

 []


Overfull \hbox (1.6528pt too wide) in paragraph at lines 83--97
[]$[]$ $[]$
 []


Underfull \hbox (badness 10000) in paragraph at lines 99--100

 []


Overfull \hbox (1.6528pt too wide) in paragraph at lines 101--112
[]$[]$ $[]$
 []


Underfull \hbox (badness 10000) in paragraph at lines 113--114

 []

)
Overfull \hbox (1.6528pt too wide) in paragraph at lines 115--83
[]$[]$ $[]$
 []

(./src/6_Pulvermetallurgie/Übung Kaltkompaktieren.tex
Underfull \hbox (badness 10000) in paragraph at lines 2--3

 []


Overfull \hbox (1.6528pt too wide) in paragraph at lines 4--17
[]$[]$ $[]$
 []


Underfull \hbox (badness 10000) in paragraph at lines 18--19

 []


Underfull \hbox (badness 10000) in paragraph at lines 33--34

 []


Underfull \hbox (badness 10000) in paragraph at lines 49--50

 []


Underfull \hbox (badness 10000) in paragraph at lines 59--60
[]$\OML/cmm/m/it/7 S[]$\OT1/cmss/m/n/7 : Lin-eare
 []


Underfull \hbox (badness 10000) in paragraph at lines 64--65

 []


Underfull \hbox (badness 10000) in paragraph at lines 69--72

 []


Overfull \hbox (22.51294pt too wide) detected at line 78
[]
 []

) (./src/7_Umformen/Umformen_Def.tex
Underfull \hbox (badness 10000) in paragraph at lines 1--2

 []

)
Overfull \hbox (1.6528pt too wide) in paragraph at lines 3--88
[]$ $[]$
 []


Underfull \hbox (badness 10000) in paragraph at lines 3--88

 []

(./src/7_Umformen/Tiefziehen.tex
<src/images/Tiefziehen.png, id=107, 977.6525pt x 356.33125pt>
File: src/images/Tiefziehen.png Graphic file (type png)
<use src/images/Tiefziehen.png>
Package pdftex.def Info: src/images/Tiefziehen.png  used on input line 1.
(pdftex.def)             Requested size: 199.16928pt x 72.59164pt.
)
Overfull \hbox (1.6528pt too wide) in paragraph at lines 6--91
[]$[]$ $[]$
 []

(./src/7_Umformen/Warmblechumformung.tex
Underfull \hbox (badness 10000) in paragraph at lines 1--3

 []


Underfull \hbox (badness 10000) in paragraph at lines 4--6

 []

<src/images/Warmblechumformung.png, id=108, 603.25375pt x 367.3725pt>
File: src/images/Warmblechumformung.png Graphic file (type png)
<use src/images/Warmblechumformung.png>
Package pdftex.def Info: src/images/Warmblechumformung.png  used on input line 9.
(pdftex.def)             Requested size: 106.26764pt x 64.71156pt.
)
Overfull \hbox (30.26334pt too wide) in paragraph at lines 7--93
[]$ $[]$
 []


Underfull \hbox (badness 10000) in paragraph at lines 7--93

 []

(./src/7_Umformen/Strecken und Biegen.tex
<src/images/Strecken.png, id=109, 365.365pt x 176.66pt>
File: src/images/Strecken.png Graphic file (type png)
<use src/images/Strecken.png>
Package pdftex.def Info: src/images/Strecken.png  used on input line 2.
(pdftex.def)             Requested size: 113.81102pt x 55.0282pt.

Overfull \hbox (13.67252pt too wide) in paragraph at lines 2--3
[][] 
 []

<src/images/Biegen.png, id=110, 263.48438pt x 168.63pt>
File: src/images/Biegen.png Graphic file (type png)
<use src/images/Biegen.png>
Package pdftex.def Info: src/images/Biegen.png  used on input line 5.
(pdftex.def)             Requested size: 113.81102pt x 72.83884pt.

Overfull \hbox (13.67252pt too wide) in paragraph at lines 5--6
[][] 
 []

)
Underfull \hbox (badness 10000) in paragraph at lines 1--95

 []

(./src/7_Umformen/Walzen.tex
<src/images/Walzen.png, id=111, 367.3725pt x 251.94125pt>
File: src/images/Walzen.png Graphic file (type png)
<use src/images/Walzen.png>
Package pdftex.def Info: src/images/Walzen.png  used on input line 1.
(pdftex.def)             Requested size: 113.81102pt x 78.051pt.

Underfull \hbox (badness 10000) in paragraph at lines 1--4

 []


Underfull \hbox (badness 10000) in paragraph at lines 5--8

 []

)
Underfull \hbox (badness 10000) in paragraph at lines 10--97

 []

<src/images/Walzfehler.png, id=112, 694.09312pt x 187.70125pt>
File: src/images/Walzfehler.png Graphic file (type png)
<use src/images/Walzfehler.png>
Package pdftex.def Info: src/images/Walzfehler.png  used on input line 98.
(pdftex.def)             Requested size: 199.16928pt x 53.85915pt.

Underfull \hbox (badness 10000) in paragraph at lines 98--99

 []

[3 <./src/images/Pulverherstellung.png> <./src/images/Verdüsen.png> <./src/images/Schleudern:Elektrolytisch.png> <./src/images/Sintern.png> <./src/images/Tiefziehen.png> <./src/images/Warmblechumformung.png> <./src/images/Strecken.png> <./src/images/Biegen.png> <./src/images/Walzen.png>] (./src/7_Umformen/Gesenkschmieden.tex
<src/images/Gesenkschmieden.png, id=139, 214.8025pt x 296.10625pt>
File: src/images/Gesenkschmieden.png Graphic file (type png)
<use src/images/Gesenkschmieden.png>
Package pdftex.def Info: src/images/Gesenkschmieden.png  used on input line 2.
(pdftex.def)             Requested size: 85.35826pt x 117.66777pt.

Underfull \hbox (badness 10000) in paragraph at lines 5--8
\OT1/cmss/m/n/7 Umformen in geschlossenem
 []


Underfull \hbox (badness 10000) in paragraph at lines 5--8
\OT1/cmss/m/n/7 Bei sicher-heit-srel-e-van-ten
 []


Underfull \hbox (badness 10000) in paragraph at lines 5--8
\OT1/cmss/m/n/7 Teilen (Zahnr^^?ader, Pleuel,
 []


Underfull \hbox (badness 10000) in paragraph at lines 5--8

 []


Underfull \hbox (badness 10000) in paragraph at lines 9--12
\OT1/cmss/m/n/7 Erzeugt einen g^^?unstigen
 []


Underfull \hbox (badness 10000) in paragraph at lines 9--12
\OT1/cmss/m/n/7 Faserver-lauf (re-duzierte Ris-
 []


Underfull \hbox (badness 10000) in paragraph at lines 9--12

 []

) (./src/7_Umformen/Isotropie.tex
<src/images/Isotropie.png, id=140, 561.09625pt x 467.7475pt>
File: src/images/Isotropie.png Graphic file (type png)
<use src/images/Isotropie.png>
Package pdftex.def Info: src/images/Isotropie.png  used on input line 2.
(pdftex.def)             Requested size: 73.5687pt x 61.32318pt.

Underfull \hbox (badness 10000) in paragraph at lines 8--11

 []


Underfull \hbox (badness 10000) in paragraph at lines 12--17
[]\OT1/cmss/bx/n/7 Anisotropisches \OT1/cmss/m/n/7 Ma-te-rial ver-formt
 []


Overfull \hbox (1.65279pt too wide) in paragraph at lines 1--19
[]$[]$ $[]$
 []


Underfull \hbox (badness 10000) in paragraph at lines 20--22

 []

)
Underfull \hbox (badness 10000) in paragraph at lines 23--103

 []

(./src/7_Umformen/Umformen Formeln.tex
Overfull \hbox (1.6528pt too wide) in paragraph at lines 1--20
[]$ $[]$
 []


Underfull \hbox (badness 10000) in paragraph at lines 21--22

 []


Underfull \hbox (badness 10000) in paragraph at lines 31--33

 []


Overfull \hbox (1.6528pt too wide) in paragraph at lines 36--69
[]$ $[]$
 []


Overfull \hbox (1.6528pt too wide) in paragraph at lines 70--81
[]$[]$ $[]$
 []


Underfull \hbox (badness 10000) in paragraph at lines 82--84

 []


Underfull \hbox (badness 10000) in paragraph at lines 98--100

 []


Overfull \hbox (3.3056pt too wide) in paragraph at lines 106--128
 $[]$ $[]$
 []

) (./src/8_Trennen/Trennverfahren.tex
Underfull \hbox (badness 10000) in paragraph at lines 1--3

 []


Underfull \hbox (badness 10000) in paragraph at lines 4--5

 []


Overfull \hbox (1.6528pt too wide) in paragraph at lines 6--20
[]$[]$ $[]$
 []

)
Underfull \hbox (badness 10000) in paragraph at lines 21--109

 []

(./src/8_Trennen/Scherschneiden.tex
<src/images/Stanzen.jpeg, id=141, 731.73375pt x 505.89pt>
File: src/images/Stanzen.jpeg Graphic file (type jpg)
<use src/images/Stanzen.jpeg>
Package pdftex.def Info: src/images/Stanzen.jpeg  used on input line 1.
(pdftex.def)             Requested size: 163.49023pt x 113.02525pt.

Underfull \hbox (badness 10000) in paragraph at lines 1--5

 []


Underfull \hbox (badness 10000) in paragraph at lines 6--12

 []

<src/images/Masse Stanzen.jpeg, id=142, 999.735pt x 809.0225pt>
File: src/images/Masse Stanzen.jpeg Graphic file (type jpg)
<use src/images/Masse Stanzen.jpeg>
Package pdftex.def Info: src/images/Masse Stanzen.jpeg  used on input line 19.
(pdftex.def)             Requested size: 204.36203pt x 165.36925pt.
)
Underfull \hbox (badness 10000) in paragraph at lines 13--112

 []

(./src/8_Trennen/Spanen.tex
Underfull \hbox (badness 10000) in paragraph at lines 1--2

 []


Underfull \hbox (badness 10000) in paragraph at lines 11--15

 []


Underfull \hbox (badness 10000) in paragraph at lines 16--19

 []

<src/images/Spanen.jpeg, id=143, 1235.61626pt x 761.84625pt>
File: src/images/Spanen.jpeg Graphic file (type jpg)
<use src/images/Spanen.jpeg>
Package pdftex.def Info: src/images/Spanen.jpeg  used on input line 20.
(pdftex.def)             Requested size: 163.49023pt x 100.79883pt.

Underfull \hbox (badness 10000) in paragraph at lines 20--25

 []

)
Underfull \hbox (badness 10000) in paragraph at lines 26--114

 []

(./src/8_Trennen/Drehen.tex
<src/images/Zerspanvorgang1.png, id=144, 410.53375pt x 252.945pt>
File: src/images/Zerspanvorgang1.png Graphic file (type png)
<use src/images/Zerspanvorgang1.png>
Package pdftex.def Info: src/images/Zerspanvorgang1.png  used on input line 1.
(pdftex.def)             Requested size: 99.58464pt x 61.35645pt.
<src/images/Zerspanvorgang2.png, id=145, 532.99126pt x 402.50375pt>
File: src/images/Zerspanvorgang2.png Graphic file (type png)
<use src/images/Zerspanvorgang2.png>
Package pdftex.def Info: src/images/Zerspanvorgang2.png  used on input line 2.
(pdftex.def)             Requested size: 99.58464pt x 75.19902pt.

Underfull \hbox (badness 10000) in paragraph at lines 1--8

 []


Underfull \hbox (badness 10000) in paragraph at lines 9--10

 []

<src/images/Kinematische Rauheit.jpeg, id=146, 1062.97125pt x 463.7325pt>
File: src/images/Kinematische Rauheit.jpeg Graphic file (type jpg)
<use src/images/Kinematische Rauheit.jpeg>
Package pdftex.def Info: src/images/Kinematische Rauheit.jpeg  used on input line 12.
(pdftex.def)             Requested size: 99.58464pt x 43.43942pt.

Overfull \hbox (1.49174pt too wide) in paragraph at lines 12--15
[][]
 []


Underfull \hbox (badness 10000) in paragraph at lines 12--15

 []

<src/images/Winkel Drehen.png, id=147, 502.87875pt x 447.6725pt>
File: src/images/Winkel Drehen.png Graphic file (type png)
<use src/images/Winkel Drehen.png>
Package pdftex.def Info: src/images/Winkel Drehen.png  used on input line 25.
(pdftex.def)             Requested size: 99.58464pt x 88.65172pt.

Overfull \hbox (1.49174pt too wide) in paragraph at lines 25--26
[][] 
 []


Underfull \hbox (badness 10000) in paragraph at lines 25--26

 []


Underfull \hbox (badness 10000) in paragraph at lines 11--28

 []


Underfull \hbox (badness 10000) in paragraph at lines 41--42

 []


Overfull \hbox (1.6528pt too wide) in paragraph at lines 43--64
[]$[]$ $[]$ 
 []


Underfull \hbox (badness 10000) in paragraph at lines 43--64

 []


Underfull \hbox (badness 10000) in paragraph at lines 65--68

 []

[4 <./src/images/Walzfehler.png> <./src/images/Gesenkschmieden.png> <./src/images/Isotropie.png> <./src/images/Stanzen.jpeg> <./src/images/Masse Stanzen.jpeg> <./src/images/Spanen.jpeg> <./src/images/Zerspanvorgang1.png> <./src/images/Zerspanvorgang2.png> <./src/images/Kinematische Rauheit.jpeg> <./src/images/Winkel Drehen.png>]
<src/images/Trennen Diagramme1.jpeg, id=167, 1032.85875pt x 444.66125pt>
File: src/images/Trennen Diagramme1.jpeg Graphic file (type jpg)
<use src/images/Trennen Diagramme1.jpeg>
Package pdftex.def Info: src/images/Trennen Diagramme1.jpeg  used on input line 69.
(pdftex.def)             Requested size: 99.58464pt x 42.86746pt.
<src/images/Trennen Diagramme2.jpeg, id=168, 1032.85875pt x 446.66875pt>
File: src/images/Trennen Diagramme2.jpeg Graphic file (type jpg)
<use src/images/Trennen Diagramme2.jpeg>
Package pdftex.def Info: src/images/Trennen Diagramme2.jpeg  used on input line 70.
(pdftex.def)             Requested size: 99.58464pt x 43.061pt.

Underfull \hbox (badness 10000) in paragraph at lines 69--71

 []

) (./src/8_Trennen/Fräsen.tex
Underfull \hbox (badness 10000) in paragraph at lines 1--2

 []

)
Underfull \hbox (badness 10000) in paragraph at lines 3--118

 []

(./src/8_Trennen/Verschleiss.tex
Underfull \hbox (badness 10000) in paragraph at lines 1--2

 []


Underfull \hbox (badness 10000) in paragraph at lines 3--4

 []

<src/images/Verschleiss1.jpeg, id=169, 823.075pt x 295.1025pt>
File: src/images/Verschleiss1.jpeg Graphic file (type jpg)
<use src/images/Verschleiss1.jpeg>
Package pdftex.def Info: src/images/Verschleiss1.jpeg  used on input line 5.
(pdftex.def)             Requested size: 102.18102pt x 36.63554pt.
<src/images/Verschleiss2.jpeg, id=170, 823.075pt x 293.095pt>
File: src/images/Verschleiss2.jpeg Graphic file (type jpg)
<use src/images/Verschleiss2.jpeg>
Package pdftex.def Info: src/images/Verschleiss2.jpeg  used on input line 6.
(pdftex.def)             Requested size: 102.18102pt x 36.38632pt.

Overfull \hbox (1.6528pt too wide) in paragraph at lines 5--7
[][] [] 
 []


Underfull \hbox (badness 10000) in paragraph at lines 8--9

 []


Underfull \hbox (badness 10000) in paragraph at lines 12--13

 []


Overfull \hbox (1.6528pt too wide) in paragraph at lines 11--29
[]$[]$ $[]$
 []


Overfull \hbox (1.6528pt too wide) in paragraph at lines 30--62
[]$ $[]$ 
 []


Overfull \hbox (1.6528pt too wide) in paragraph at lines 30--62
[]$ $[]$ 
 []

) (./src/9_Fügen/Fügen.tex
Underfull \hbox (badness 10000) in paragraph at lines 1--4

 []

) (./src/9_Fügen/Schweissen.tex
Underfull \hbox (badness 10000) in paragraph at lines 1--4

 []

<src/images/WIG.jpeg, id=171, 1291.82625pt x 656.4525pt>
File: src/images/WIG.jpeg Graphic file (type jpg)
<use src/images/WIG.jpeg>
Package pdftex.def Info: src/images/WIG.jpeg  used on input line 9.
(pdftex.def)             Requested size: 102.18102pt x 51.91628pt.

Underfull \hbox (badness 10000) in paragraph at lines 9--10

 []

<src/images/MSG.png, id=172, 412.54124pt x 288.07625pt>
File: src/images/MSG.png Graphic file (type png)
<use src/images/MSG.png>
Package pdftex.def Info: src/images/MSG.png  used on input line 15.
(pdftex.def)             Requested size: 102.18102pt x 71.35074pt.

Underfull \hbox (badness 10000) in paragraph at lines 15--16

 []


Overfull \hbox (1.6528pt too wide) in paragraph at lines 5--20
[]$[]$ $[]$
 []


Underfull \hbox (badness 10000) in paragraph at lines 5--20

 []


Underfull \hbox (badness 10000) in paragraph at lines 21--24

 []

<src/images/WP.jpeg, id=173, 1539.7525pt x 773.89125pt>
File: src/images/WP.jpeg Graphic file (type jpg)
<use src/images/WP.jpeg>
Package pdftex.def Info: src/images/WP.jpeg  used on input line 26.
(pdftex.def)             Requested size: 163.49023pt x 82.16434pt.

Underfull \hbox (badness 10000) in paragraph at lines 25--27

 []


Underfull \hbox (badness 10000) in paragraph at lines 28--32

 []


Underfull \hbox (badness 10000) in paragraph at lines 33--39

 []


Underfull \hbox (badness 10000) in paragraph at lines 40--44

 []


Underfull \hbox (badness 10000) in paragraph at lines 45--46

 []

<src/images/Schweissnaht.png, id=174, 223.83624pt x 148.555pt>
File: src/images/Schweissnaht.png Graphic file (type png)
<use src/images/Schweissnaht.png>
Package pdftex.def Info: src/images/Schweissnaht.png  used on input line 49.
(pdftex.def)             Requested size: 89.92012pt x 59.67935pt.

Underfull \hbox (badness 10000) in paragraph at lines 49--50

 []


Underfull \hbox (badness 10000) in paragraph at lines 48--62

 []

<src/images/Reibschweissen.jpeg, id=175, 1267.73625pt x 514.92375pt>
File: src/images/Reibschweissen.jpeg Graphic file (type jpg)
<use src/images/Reibschweissen.jpeg>
Package pdftex.def Info: src/images/Reibschweissen.jpeg  used on input line 64.
(pdftex.def)             Requested size: 204.36203pt x 83.00233pt.

Underfull \hbox (badness 10000) in paragraph at lines 63--65

 []


Underfull \hbox (badness 10000) in paragraph at lines 66--68
\OT1/cmss/m/n/7 Breite und Dicke der Schweiss-naht nimmt mit der
 []


Underfull \hbox (badness 10000) in paragraph at lines 66--68

 []


Overfull \hbox (1.6528pt too wide) in paragraph at lines 69--88
[]$ $[]$ 
 []


Underfull \hbox (badness 10000) in paragraph at lines 69--88

 []


Underfull \hbox (badness 10000) in paragraph at lines 89--90

 []


Overfull \hbox (1.6528pt too wide) in paragraph at lines 91--111
[]$[]$ $[]$ 
 []


Underfull \hbox (badness 10000) in paragraph at lines 119--123

 []


Underfull \hbox (badness 10000) in paragraph at lines 131--132

 []

<src/images/Schäfflerdiagramm.png, id=176, 371.3875pt x 308.15125pt>
File: src/images/Schäfflerdiagramm.png Graphic file (type png)
<use src/images/Schäfflerdiagramm.png>
Package pdftex.def Info: src/images/Schäfflerdiagramm.png  used on input line 138.
(pdftex.def)             Requested size: 102.18102pt x 84.78181pt.

Underfull \hbox (badness 10000) in paragraph at lines 133--139
\OT1/cmss/m/n/7 gen^^?ugende Durch-schweis-sung, Nah-tun-ter-schre-itung, un-
 []


Underfull \hbox (badness 10000) in paragraph at lines 133--139

 []


Underfull \hbox (badness 10000) in paragraph at lines 140--143

 []

) (./src/9_Fügen/Löten.tex) (./src/9_Fügen/Fügen durch Umformen.tex) (./src/9_Fügen/Kleben.tex
Underfull \hbox (badness 10000) in paragraph at lines 1--8

 []


Underfull \hbox (badness 10000) in paragraph at lines 9--13

 []


Underfull \hbox (badness 10000) in paragraph at lines 14--18

 []


Underfull \hbox (badness 10000) in paragraph at lines 21--23
[]\OT1/cmss/m/n/7 L^^?osungsmittelklebstoffe h^^?arten durch Abl^^?uften des
 []


Underfull \hbox (badness 10000) in paragraph at lines 31--33
[]\OT1/cmss/m/n/7 Polmerisationsklebstoffe wer-den kat-alytisch durch
 []

) [5 <./src/images/Trennen Diagramme1.jpeg> <./src/images/Trennen Diagramme2.jpeg> <./src/images/Verschleiss1.jpeg> <./src/images/Verschleiss2.jpeg> <./src/images/WIG.jpeg> <./src/images/MSG.png> <./src/images/WP.jpeg> <./src/images/Schweissnaht.png> <./src/images/Reibschweissen.jpeg> <./src/images/Schäfflerdiagramm.png>] (./main.aux)
 ***********
LaTeX2e <2023-11-01> patch level 1
L3 programming layer <2024-02-20>
 ***********
Package rerunfilecheck Info: File `main.out' has not changed.
(rerunfilecheck)             Checksum: 7A186B312232729E3B84FF92EF427DDE;267.
 ) 
Here is how much of TeX's memory you used:
 21208 strings out of 474116
 409439 string characters out of 5743682
 2030187 words of memory out of 5000000
 43032 multiletter control sequences out of 15000+600000
 565420 words of font info for 61 fonts, out of 8000000 for 9000
 1141 hyphenation exceptions out of 8191
 116i,16n,121p,551b,994s stack positions out of 10000i,1000n,20000p,200000b,200000s
</usr/local/texlive/2024/texmf-dist/fonts/type1/public/amsfonts/cm/cmbx5.pfb></usr/local/texlive/2024/texmf-dist/fonts/type1/public/amsfonts/cm/cmbx7.pfb></usr/local/texlive/2024/texmf-dist/fonts/type1/public/amsfonts/cmextra/cmex7.pfb></usr/local/texlive/2024/texmf-dist/fonts/type1/public/amsfonts/cm/cmmi5.pfb></usr/local/texlive/2024/texmf-dist/fonts/type1/public/amsfonts/cm/cmmi6.pfb></usr/local/texlive/2024/texmf-dist/fonts/type1/public/amsfonts/cm/cmmi7.pfb></usr/local/texlive/2024/texmf-dist/fonts/type1/public/amsfonts/cm/cmr5.pfb></usr/local/texlive/2024/texmf-dist/fonts/type1/public/amsfonts/cm/cmr6.pfb></usr/local/texlive/2024/texmf-dist/fonts/type1/public/amsfonts/cm/cmr7.pfb></usr/local/texlive/2024/texmf-dist/fonts/type1/public/amsfonts/cm/cmss10.pfb></usr/local/texlive/2024/texmf-dist/fonts/type1/public/amsfonts/cm/cmss8.pfb></usr/local/texlive/2024/texmf-dist/fonts/type1/public/amsfonts/cm/cmssbx10.pfb></usr/local/texlive/2024/texmf-dist/fonts/type1/public/amsfonts/cm/cmsy5.pfb></usr/local/texlive/2024/texmf-dist/fonts/type1/public/amsfonts/cm/cmsy7.pfb></usr/local/texlive/2024/texmf-dist/fonts/type1/public/amsfonts/cm/cmsy8.pfb></usr/local/texlive/2024/texmf-dist/fonts/type1/public/amsfonts/latxfont/line10.pfb></usr/local/texlive/2024/texmf-dist/fonts/type1/public/cm-super/sfss0500.pfb></usr/local/texlive/2024/texmf-dist/fonts/type1/public/cm-super/sfss0700.pfb>
Output written on main.pdf (5 pages, 10089760 bytes).
PDF statistics:
 281 PDF objects out of 1000 (max. 8388607)
 154 compressed objects within 2 object streams
 60 named destinations out of 1000 (max. 500000)
 264 words of extra memory for PDF output out of 10000 (max. 10000000)

